time="2024-07-09T15:37:53.682672578+08:00" level="info" msg="NRF version:  \n\tfree5GC version: v3.3.0\n\tbuild time:      2024-05-30T06:16:26Z\n\tcommit hash:     db4c0f90\n\tcommit time:     2023-05-11T08:14:48Z\n\tgo version:      go1.22.3 linux/amd64" CAT="Main" NF="NRF"
time="2024-07-09T15:37:53.682727762+08:00" level="info" msg="Read config from [./config/nrfcfg.yaml]" CAT="CFG" NF="NRF"
time="2024-07-09T15:37:53.683063436+08:00" level="info" msg="Log enable is set to [true]" CAT="Main" NF="NRF"
time="2024-07-09T15:37:53.683088021+08:00" level="info" msg="Log level is set to [info]" CAT="Main" NF="NRF"
time="2024-07-09T15:37:53.683094200+08:00" level="info" msg="Report Caller is set to [false]" CAT="Main" NF="NRF"
time="2024-07-09T15:37:53.683101860+08:00" level="info" msg="nrfconfig Info: Version[1.0.2] Description[NRF initial local configuration]" CAT="Init" NF="NRF"
time="2024-07-09T15:37:53.683402108+08:00" level="info" msg="Server starting" CAT="Init" NF="NRF"
time="2024-07-09T15:37:53.684421326+08:00" level="info" msg="Binding addr: [127.0.0.10:8000]" CAT="Init" NF="NRF"
time="2024-07-09T15:37:53.780367774+08:00" level="info" msg="AMF version:  \n\tNot specify ldflags (which link version) during go build\n\tgo version: go1.22.3 linux/amd64" CAT="Main" NF="AMF"
time="2024-07-09T15:37:53.780427562+08:00" level="info" msg="Read config from [./config/amfcfg.yaml]" CAT="CFG" NF="AMF"
time="2024-07-09T15:37:53.781107145+08:00" level="info" msg="Log enable is set to [true]" CAT="Main" NF="AMF"
time="2024-07-09T15:37:53.781158583+08:00" level="info" msg="Log level is set to [info]" CAT="Main" NF="AMF"
time="2024-07-09T15:37:53.781181917+08:00" level="info" msg="Report Caller is set to [false]" CAT="Main" NF="AMF"
time="2024-07-09T15:37:53.781216675+08:00" level="info" msg="amfconfig Info: Version[1.0.9]" CAT="Util" NF="AMF"
time="2024-07-09T15:37:53.781250316+08:00" level="info" msg="Server started" CAT="Init" NF="AMF"
time="2024-07-09T15:37:53.781350268+08:00" level="info" msg="amfconfig Info: Version[1.0.9]" CAT="Util" NF="AMF"
time="2024-07-09T15:37:53.782077338+08:00" level="info" msg="Listen on 192.168.56.102:38412" CAT="Ngap" NF="AMF"
time="2024-07-09T15:37:53.782762496+08:00" level="info" msg="Handle NFRegisterRequest" CAT="NFM" NF="NRF"
time="2024-07-09T15:37:53.784546320+08:00" level="info" msg="urilist update" CAT="NFM" NF="NRF"
time="2024-07-09T15:37:53.789885527+08:00" level="info" msg="Create NF Profile" CAT="NFM" NF="NRF"
time="2024-07-09T15:37:53.790719450+08:00" level="info" msg="Location header:  http://127.0.0.10:8000/nnrf-nfm/v1/nf-instances/640207a4-c8d6-4c41-809d-b18af5ce0685" CAT="NFM" NF="NRF"
time="2024-07-09T15:37:53.790791612+08:00" level="info" msg="| 201 |       127.0.0.1 | PUT     | /nnrf-nfm/v1/nf-instances/640207a4-c8d6-4c41-809d-b18af5ce0685 | " CAT="GIN" NF="NRF"
time="2024-07-09T15:37:53.883177812+08:00" level="info" msg="SMF version:  \n\tfree5GC version: v3.3.0\n\tbuild time:      2024-05-30T06:16:29Z\n\tcommit hash:     8eb6843b\n\tcommit time:     2023-05-31T04:43:19Z\n\tgo version:      go1.22.3 linux/amd64" CAT="Main" NF="SMF"
time="2024-07-09T15:37:53.883266093+08:00" level="info" msg="Read config from [./config/smfcfg.yaml]" CAT="CFG" NF="SMF"
time="2024-07-09T15:37:53.883899366+08:00" level="info" msg="Read config from [./config/uerouting.yaml]" CAT="CFG" NF="SMF"
time="2024-07-09T15:37:53.884153158+08:00" level="info" msg="Log enable is set to [true]" CAT="Main" NF="SMF"
time="2024-07-09T15:37:53.884168107+08:00" level="info" msg="Log level is set to [info]" CAT="Main" NF="SMF"
time="2024-07-09T15:37:53.884176065+08:00" level="info" msg="Report Caller is set to [false]" CAT="Main" NF="SMF"
time="2024-07-09T15:37:53.884194001+08:00" level="info" msg="smfconfig Info: Version[1.0.7] Description[SMF initial local configuration]" CAT="CTX" NF="SMF"
time="2024-07-09T15:37:53.884215262+08:00" level="info" msg="Endpoints: [192.168.56.102]" CAT="CTX" NF="SMF"
time="2024-07-09T15:37:53.884240606+08:00" level="info" msg="Server started" CAT="Init" NF="SMF"
time="2024-07-09T15:37:53.885233065+08:00" level="info" msg="Handle NFRegisterRequest" CAT="NFM" NF="NRF"
time="2024-07-09T15:37:53.886284372+08:00" level="info" msg="urilist update" CAT="NFM" NF="NRF"
time="2024-07-09T15:37:53.886586810+08:00" level="info" msg="Create NF Profile" CAT="NFM" NF="NRF"
time="2024-07-09T15:37:53.886926226+08:00" level="info" msg="Location header:  http://127.0.0.10:8000/nnrf-nfm/v1/nf-instances/b155f0b9-c4f4-44e9-8720-7f699eeeb1ac" CAT="NFM" NF="NRF"
time="2024-07-09T15:37:53.886968946+08:00" level="info" msg="| 201 |       127.0.0.1 | PUT     | /nnrf-nfm/v1/nf-instances/b155f0b9-c4f4-44e9-8720-7f699eeeb1ac | " CAT="GIN" NF="NRF"
time="2024-07-09T15:37:53.887209485+08:00" level="info" msg="SMF Registration to NRF {b155f0b9-c4f4-44e9-8720-7f699eeeb1ac SMF REGISTERED 0 0xc0000b2b40 0xc0000b2b58 [] []   [127.0.0.2] [] <nil> [] [] <nil> 0 0 0 area1 <nil> <nil> <nil> <nil> 0xc0000af940 <nil> <nil> <nil> <nil> <nil> map[] <nil> false 0xc0000b2a98 false false []}" CAT="Init" NF="SMF"
time="2024-07-09T15:37:53.887608474+08:00" level="info" msg="Listen on 127.0.0.1:8805" CAT="PFCP" NF="SMF"
time="2024-07-09T15:37:53.887707315+08:00" level="info" msg="Sending PFCP Association Request to UPF[127.0.0.8]" CAT="Main" NF="SMF"
time="2024-07-09T15:37:53.986403433+08:00" level="info" msg="UDR version:  \n\tfree5GC version: v3.3.0\n\tbuild time:      2024-05-30T06:16:32Z\n\tcommit hash:     a8ef9d9f\n\tcommit time:     2023-05-11T08:26:37Z\n\tgo version:      go1.22.3 linux/amd64" CAT="Main" NF="UDR"
time="2024-07-09T15:37:53.986457385+08:00" level="info" msg="Read config from [./config/udrcfg.yaml]" CAT="CFG" NF="UDR"
time="2024-07-09T15:37:53.986853900+08:00" level="info" msg="Log enable is set to [true]" CAT="Main" NF="UDR"
time="2024-07-09T15:37:53.986871236+08:00" level="info" msg="Log level is set to [info]" CAT="Main" NF="UDR"
time="2024-07-09T15:37:53.986876661+08:00" level="info" msg="Report Caller is set to [false]" CAT="Main" NF="UDR"
time="2024-07-09T15:37:53.986962525+08:00" level="info" msg="UDR Config Info: Version[1.0.2] Description[UDR initial local configuration]" CAT="Init" NF="UDR"
time="2024-07-09T15:37:53.987176040+08:00" level="info" msg="Server started" CAT="Init" NF="UDR"
time="2024-07-09T15:37:53.987345107+08:00" level="info" msg="udrconfig Info: Version[1.0.2] Description[UDR initial local configuration]" CAT="Util" NF="UDR"
time="2024-07-09T15:37:53.989325363+08:00" level="info" msg="Handle NFRegisterRequest" CAT="NFM" NF="NRF"
time="2024-07-09T15:37:53.990090216+08:00" level="info" msg="urilist update" CAT="NFM" NF="NRF"
time="2024-07-09T15:37:53.990352749+08:00" level="info" msg="Create NF Profile" CAT="NFM" NF="NRF"
time="2024-07-09T15:37:53.990643178+08:00" level="info" msg="Location header:  http://127.0.0.10:8000/nnrf-nfm/v1/nf-instances/d2ca5598-fbcf-42c4-ad9c-5247c1b4e7bd" CAT="NFM" NF="NRF"
time="2024-07-09T15:37:53.990677709+08:00" level="info" msg="| 201 |       127.0.0.1 | PUT     | /nnrf-nfm/v1/nf-instances/d2ca5598-fbcf-42c4-ad9c-5247c1b4e7bd | " CAT="GIN" NF="NRF"
time="2024-07-09T15:37:54.087739907+08:00" level="info" msg="pcf" CAT="Main" NF="PCF"
time="2024-07-09T15:37:54.087795390+08:00" level="info" msg="PCF version:  \n\tfree5GC version: v3.3.0\n\tbuild time:      2024-05-30T06:16:28Z\n\tcommit hash:     17f2a8fc\n\tcommit time:     2023-05-11T08:21:46Z\n\tgo version:      go1.22.3 linux/amd64" CAT="Main" NF="PCF"
time="2024-07-09T15:37:54.087848579+08:00" level="info" msg="Read config from [./config/pcfcfg.yaml]" CAT="CFG" NF="PCF"
time="2024-07-09T15:37:54.088358748+08:00" level="info" msg="Log enable is set to [true]" CAT="Main" NF="PCF"
time="2024-07-09T15:37:54.088406854+08:00" level="info" msg="Log level is set to [info]" CAT="Main" NF="PCF"
time="2024-07-09T15:37:54.088427619+08:00" level="info" msg="Report Caller is set to [false]" CAT="Main" NF="PCF"
time="2024-07-09T15:37:54.088437238+08:00" level="info" msg="pcfconfig Info: Version[1.0.2] Description[PCF initial local configuration]" CAT="Util" NF="PCF"
time="2024-07-09T15:37:54.088608214+08:00" level="info" msg="Server started" CAT="Init" NF="PCF"
time="2024-07-09T15:37:54.089077566+08:00" level="info" msg="pcfconfig Info: Version[1.0.2] Description[PCF initial local configuration]" CAT="Util" NF="PCF"
time="2024-07-09T15:37:54.091020688+08:00" level="info" msg="Handle NFRegisterRequest" CAT="NFM" NF="NRF"
time="2024-07-09T15:37:54.091959015+08:00" level="info" msg="urilist update" CAT="NFM" NF="NRF"
time="2024-07-09T15:37:54.092355164+08:00" level="info" msg="Create NF Profile" CAT="NFM" NF="NRF"
time="2024-07-09T15:37:54.092640977+08:00" level="info" msg="Location header:  http://127.0.0.10:8000/nnrf-nfm/v1/nf-instances/78460e4e-1608-4858-afa7-db7da35e219e" CAT="NFM" NF="NRF"
time="2024-07-09T15:37:54.092702554+08:00" level="info" msg="| 201 |       127.0.0.1 | PUT     | /nnrf-nfm/v1/nf-instances/78460e4e-1608-4858-afa7-db7da35e219e | " CAT="GIN" NF="NRF"
time="2024-07-09T15:37:54.092976518+08:00" level="info" msg="Handle NFDiscoveryRequest" CAT="DISC" NF="NRF"
time="2024-07-09T15:37:54.093357113+08:00" level="info" msg="| 200 |       127.0.0.1 | GET     | /nnrf-disc/v1/nf-instances?requester-nf-type=PCF&service-names=nudr-dr&target-nf-type=UDR | " CAT="GIN" NF="NRF"
time="2024-07-09T15:37:54.185935110+08:00" level="info" msg="UDM version:  \n\tfree5GC version: v3.3.0\n\tbuild time:      2024-05-30T06:16:31Z\n\tcommit hash:     f9aad0ef\n\tcommit time:     2023-05-11T08:24:25Z\n\tgo version:      go1.22.3 linux/amd64" CAT="Main" NF="UDM"
time="2024-07-09T15:37:54.185994547+08:00" level="info" msg="Read config from [./config/udmcfg.yaml]" CAT="CFG" NF="UDM"
time="2024-07-09T15:37:54.186619177+08:00" level="info" msg="Log enable is set to [true]" CAT="Main" NF="UDM"
time="2024-07-09T15:37:54.186639639+08:00" level="info" msg="Log level is set to [info]" CAT="Main" NF="UDM"
time="2024-07-09T15:37:54.186645435+08:00" level="info" msg="Report Caller is set to [false]" CAT="Main" NF="UDM"
time="2024-07-09T15:37:54.186650479+08:00" level="info" msg="UDM Config Info: Version[1.0.3] Description[UDM initial local configuration]" CAT="Init" NF="UDM"
time="2024-07-09T15:37:54.186770138+08:00" level="info" msg="Server started" CAT="Init" NF="UDM"
time="2024-07-09T15:37:54.186989268+08:00" level="info" msg="udmconfig Info: Version[1.0.3] Description[UDM initial local configuration]" CAT="Util" NF="UDM"
time="2024-07-09T15:37:54.187844941+08:00" level="info" msg="Handle NFRegisterRequest" CAT="NFM" NF="NRF"
time="2024-07-09T15:37:54.188529736+08:00" level="info" msg="urilist update" CAT="NFM" NF="NRF"
time="2024-07-09T15:37:54.188877132+08:00" level="info" msg="Create NF Profile" CAT="NFM" NF="NRF"
time="2024-07-09T15:37:54.191862384+08:00" level="info" msg="Location header:  http://127.0.0.10:8000/nnrf-nfm/v1/nf-instances/4194fd19-8a8a-4ae7-955a-e651191c79cc" CAT="NFM" NF="NRF"
time="2024-07-09T15:37:54.192330726+08:00" level="info" msg="| 201 |       127.0.0.1 | PUT     | /nnrf-nfm/v1/nf-instances/4194fd19-8a8a-4ae7-955a-e651191c79cc | " CAT="GIN" NF="NRF"
time="2024-07-09T15:37:54.299451890+08:00" level="info" msg="NSSF version:  \n\tfree5GC version: v3.3.0\n\tbuild time:      2024-05-30T06:16:27Z\n\tcommit hash:     28cd7936\n\tcommit time:     2023-05-11T08:20:43Z\n\tgo version:      go1.22.3 linux/amd64" CAT="Main" NF="NSSF"
time="2024-07-09T15:37:54.299542880+08:00" level="info" msg="Read config from [./config/nssfcfg.yaml]" CAT="CFG" NF="NSSF"
time="2024-07-09T15:37:54.300429432+08:00" level="info" msg="Log enable is set to [true]" CAT="Main" NF="NSSF"
time="2024-07-09T15:37:54.300468900+08:00" level="info" msg="Log level is set to [info]" CAT="Main" NF="NSSF"
time="2024-07-09T15:37:54.300539328+08:00" level="info" msg="Report Caller is set to [false]" CAT="Main" NF="NSSF"
time="2024-07-09T15:37:54.300563965+08:00" level="info" msg="Server started" CAT="Init" NF="NSSF"
time="2024-07-09T15:37:54.301537799+08:00" level="info" msg="Handle NFRegisterRequest" CAT="NFM" NF="NRF"
time="2024-07-09T15:37:54.302913197+08:00" level="info" msg="urilist update" CAT="NFM" NF="NRF"
time="2024-07-09T15:37:54.303241647+08:00" level="info" msg="Create NF Profile" CAT="NFM" NF="NRF"
time="2024-07-09T15:37:54.303545381+08:00" level="info" msg="Location header:  http://127.0.0.10:8000/nnrf-nfm/v1/nf-instances/6481d99d-cf04-423a-a6bb-f5168ae5fd25" CAT="NFM" NF="NRF"
time="2024-07-09T15:37:54.303606109+08:00" level="info" msg="| 201 |       127.0.0.1 | PUT     | /nnrf-nfm/v1/nf-instances/6481d99d-cf04-423a-a6bb-f5168ae5fd25 | " CAT="GIN" NF="NRF"
time="2024-07-09T15:37:54.396567994+08:00" level="info" msg="AUSF version:  \n\tfree5GC version: v3.3.0\n\tbuild time:      2024-05-30T06:16:26Z\n\tcommit hash:     64f47ebe\n\tcommit time:     2023-05-11T08:11:05Z\n\tgo version:      go1.22.3 linux/amd64" CAT="Main" NF="AUSF"
time="2024-07-09T15:37:54.396643571+08:00" level="info" msg="Read config from [./config/ausfcfg.yaml]" CAT="CFG" NF="AUSF"
time="2024-07-09T15:37:54.396910460+08:00" level="info" msg="Log enable is set to [true]" CAT="Main" NF="AUSF"
time="2024-07-09T15:37:54.396927327+08:00" level="info" msg="Log level is set to [info]" CAT="Main" NF="AUSF"
time="2024-07-09T15:37:54.396934668+08:00" level="info" msg="Report Caller is set to [false]" CAT="Main" NF="AUSF"
time="2024-07-09T15:37:54.396951499+08:00" level="info" msg="ausfconfig Info: Version[1.0.3] Description[AUSF initial local configuration]\n" CAT="Init" NF="AUSF"
time="2024-07-09T15:37:54.397008883+08:00" level="info" msg="Server started" CAT="Init" NF="AUSF"
time="2024-07-09T15:37:54.397724568+08:00" level="info" msg="Handle NFRegisterRequest" CAT="NFM" NF="NRF"
time="2024-07-09T15:37:54.398889439+08:00" level="info" msg="urilist update" CAT="NFM" NF="NRF"
time="2024-07-09T15:37:54.399570748+08:00" level="info" msg="Create NF Profile" CAT="NFM" NF="NRF"
time="2024-07-09T15:37:54.400116184+08:00" level="info" msg="Location header:  http://127.0.0.10:8000/nnrf-nfm/v1/nf-instances/15913e94-371b-49ed-85bc-d5a6ae925c88" CAT="NFM" NF="NRF"
time="2024-07-09T15:37:54.400209319+08:00" level="info" msg="| 201 |       127.0.0.1 | PUT     | /nnrf-nfm/v1/nf-instances/15913e94-371b-49ed-85bc-d5a6ae925c88 | " CAT="GIN" NF="NRF"
time="2024-07-09T15:38:02.453567971+08:00" level="info" msg="Terminating PCF..." CAT="Init" NF="PCF"
time="2024-07-09T15:38:02.453683096+08:00" level="info" msg="Terminating NSSF..." CAT="Init" NF="NSSF"
time="2024-07-09T15:38:02.453828177+08:00" level="info" msg="Send Deregister NFInstance" CAT="Consumer" NF="PCF"
time="2024-07-09T15:38:02.453832863+08:00" level="info" msg="Send Deregister NFInstance" CAT="Consumer" NF="NSSF"
time="2024-07-09T15:38:02.453809835+08:00" level="info" msg="Terminating AMF..." CAT="Init" NF="AMF"
time="2024-07-09T15:38:02.453876555+08:00" level="info" msg="Terminating UDR..." CAT="Init" NF="UDR"
time="2024-07-09T15:38:02.454030341+08:00" level="info" msg="[AMF] Send Deregister NFInstance" CAT="Consumer" NF="AMF"
time="2024-07-09T15:38:02.454216576+08:00" level="info" msg="Send Deregister NFInstance" CAT="Consumer" NF="UDR"
time="2024-07-09T15:38:02.455030098+08:00" level="info" msg="Terminating SMF..." CAT="Init" NF="SMF"
time="2024-07-09T15:38:02.455229915+08:00" level="info" msg="Send Deregister NFInstance" CAT="Consumer" NF="SMF"
time="2024-07-09T15:38:02.455127945+08:00" level="info" msg="Terminating AUSF..." CAT="Init" NF="AUSF"
time="2024-07-09T15:38:02.455810157+08:00" level="info" msg="Send Deregister NFInstance" CAT="Consumer" NF="AUSF"
time="2024-07-09T15:38:02.456968051+08:00" level="info" msg="Handle NFDeregisterRequest" CAT="NFM" NF="NRF"
time="2024-07-09T15:38:02.457187788+08:00" level="info" msg="Handle NFDeregisterRequest" CAT="NFM" NF="NRF"
time="2024-07-09T15:38:02.458230234+08:00" level="info" msg="Handle NFDeregisterRequest" CAT="NFM" NF="NRF"
time="2024-07-09T15:38:02.458627121+08:00" level="info" msg="Handle NFDeregisterRequest" CAT="NFM" NF="NRF"
time="2024-07-09T15:38:02.454257147+08:00" level="info" msg="Terminating UDM..." CAT="Init" NF="UDM"
time="2024-07-09T15:38:02.459287576+08:00" level="info" msg="Send Deregister NFInstance" CAT="Consumer" NF="UDM"
time="2024-07-09T15:38:02.462691325+08:00" level="info" msg="Handle NFDeregisterRequest" CAT="NFM" NF="NRF"
time="2024-07-09T15:38:02.463212491+08:00" level="info" msg="Handle NFDeregisterRequest" CAT="NFM" NF="NRF"
time="2024-07-09T15:38:02.463521011+08:00" level="info" msg="Handle NFDeregisterRequest" CAT="NFM" NF="NRF"
time="2024-07-09T15:38:02.898855141+08:00" level="warning" msg="Failed to setup an association with UPF[127.0.0.8], error:Request Transaction [1]: retry-out" CAT="Main" NF="SMF"
time="2024-07-09T15:38:02.898913534+08:00" level="info" msg="Sending PFCP Association Request to UPF[127.0.0.8]" CAT="Main" NF="SMF"
time="2024-07-09T15:38:03.470040759+08:00" level="info" msg="| 204 |       127.0.0.1 | DELETE  | /nnrf-nfm/v1/nf-instances/4194fd19-8a8a-4ae7-955a-e651191c79cc | " CAT="GIN" NF="NRF"
time="2024-07-09T15:38:03.470062593+08:00" level="info" msg="| 204 |       127.0.0.1 | DELETE  | /nnrf-nfm/v1/nf-instances/15913e94-371b-49ed-85bc-d5a6ae925c88 | " CAT="GIN" NF="NRF"
time="2024-07-09T15:38:03.470509936+08:00" level="info" msg="| 204 |       127.0.0.1 | DELETE  | /nnrf-nfm/v1/nf-instances/6481d99d-cf04-423a-a6bb-f5168ae5fd25 | " CAT="GIN" NF="NRF"
time="2024-07-09T15:38:03.470668875+08:00" level="info" msg="Deregister from NRF successfully" CAT="Init" NF="UDM"
time="2024-07-09T15:38:03.470732942+08:00" level="info" msg="UDM terminated" CAT="Init" NF="UDM"
time="2024-07-09T15:38:03.470755041+08:00" level="info" msg="Deregister from NRF successfully" CAT="Init" NF="NSSF"
time="2024-07-09T15:38:03.470784424+08:00" level="info" msg="NSSF terminated" CAT="Init" NF="NSSF"
time="2024-07-09T15:38:03.470853820+08:00" level="info" msg="Deregister from NRF successfully" CAT="Init" NF="AUSF"
time="2024-07-09T15:38:03.470882554+08:00" level="info" msg="AUSF terminated" CAT="Init" NF="AUSF"
time="2024-07-09T15:38:03.471252927+08:00" level="info" msg="| 204 |       127.0.0.1 | DELETE  | /nnrf-nfm/v1/nf-instances/d2ca5598-fbcf-42c4-ad9c-5247c1b4e7bd | " CAT="GIN" NF="NRF"
time="2024-07-09T15:38:03.471307959+08:00" level="info" msg="| 204 |       127.0.0.1 | DELETE  | /nnrf-nfm/v1/nf-instances/78460e4e-1608-4858-afa7-db7da35e219e | " CAT="GIN" NF="NRF"
time="2024-07-09T15:38:03.471627004+08:00" level="info" msg="Deregister from NRF successfully" CAT="Init" NF="UDR"
time="2024-07-09T15:38:03.471653550+08:00" level="info" msg="UDR terminated" CAT="Init" NF="UDR"
time="2024-07-09T15:38:03.471656619+08:00" level="info" msg="| 204 |       127.0.0.1 | DELETE  | /nnrf-nfm/v1/nf-instances/b155f0b9-c4f4-44e9-8720-7f699eeeb1ac | " CAT="GIN" NF="NRF"
time="2024-07-09T15:38:03.471711658+08:00" level="info" msg="Deregister from NRF successfully" CAT="Init" NF="PCF"
time="2024-07-09T15:38:03.471740128+08:00" level="info" msg="PCF terminated" CAT="Init" NF="PCF"
time="2024-07-09T15:38:03.471942008+08:00" level="info" msg="| 204 |       127.0.0.1 | DELETE  | /nnrf-nfm/v1/nf-instances/640207a4-c8d6-4c41-809d-b18af5ce0685 | " CAT="GIN" NF="NRF"
time="2024-07-09T15:38:03.472100272+08:00" level="info" msg="[AMF] Deregister from NRF successfully" CAT="Init" NF="AMF"
time="2024-07-09T15:38:03.472150082+08:00" level="info" msg="Send AMF Status Indication to Notify RANs due to AMF terminating" CAT="Init" NF="AMF"
time="2024-07-09T15:38:03.472169866+08:00" level="info" msg="Close SCTP server..." CAT="Ngap" NF="AMF"
time="2024-07-09T15:38:03.472192809+08:00" level="info" msg="SCTP server closed" CAT="Ngap" NF="AMF"
time="2024-07-09T15:38:03.472200336+08:00" level="info" msg="AMF terminated" CAT="Init" NF="AMF"
time="2024-07-09T15:38:03.473783517+08:00" level="info" msg="Deregister from NRF successfully" CAT="Init" NF="SMF"
time="2024-07-09T15:38:04.454067594+08:00" level="info" msg="Terminating NRF..." CAT="Init" NF="NRF"
time="2024-07-09T15:38:04.454255050+08:00" level="info" msg="Remove NF Profile..." CAT="Init" NF="NRF"
time="2024-07-09T15:38:04.460656223+08:00" level="info" msg="NRF terminated" CAT="Init" NF="NRF"
